{"timestamp":"2026-06-25T01:17:17.250Z","nivel":"INFO","mensagem":"Servidor FocoTotal iniciado na porta 3001","dados":null}
{"timestamp":"2026-06-25T01:17:17.282Z","nivel":"INFO","mensagem":"Banco de dados conectado com sucesso","dados":null}
{"timestamp":"2026-06-25T01:17:34.924Z","nivel":"ERRO","mensagem":"[BI] query falhou: Reference 'atual' not supported (reference to group function)","dados":null}
{"timestamp":"2026-06-25T01:17:34.926Z","nivel":"ERRO","mensagem":"[BI] query falhou: Reference 'anterior' not supported (reference to group function)","dados":null}
{"timestamp":"2026-06-25T01:17:34.935Z","nivel":"ERRO","mensagem":"[BI] query falhou: Reference 'atual' not supported (reference to group function)","dados":null}
{"timestamp":"2026-06-25T01:17:34.937Z","nivel":"ERRO","mensagem":"[BI] query falhou: Reference 'anterior' not supported (reference to group function)","dados":null}
{"timestamp":"2026-06-25T01:17:49.474Z","nivel":"ERRO","mensagem":"[BI] query falhou: Reference 'atual' not supported (reference to group function)","dados":null}
{"timestamp":"2026-06-25T01:17:49.476Z","nivel":"ERRO","mensagem":"[BI] query falhou: Reference 'anterior' not supported (reference to group function)","dados":null}
{"timestamp":"2026-06-25T01:17:49.485Z","nivel":"ERRO","mensagem":"[BI] query falhou: Reference 'atual' not supported (reference to group function)","dados":null}
{"timestamp":"2026-06-25T01:17:49.487Z","nivel":"ERRO","mensagem":"[BI] query falhou: Reference 'anterior' not supported (reference to group function)","dados":null}
{"timestamp":"2026-06-25T01:23:25.687Z","nivel":"INFO","mensagem":"Login realizado","dados":{"usuarioId":3,"cargo":"estoquista"}}
{"timestamp":"2026-06-25T01:23:25.777Z","nivel":"ERRO","mensagem":"[BI] query falhou: Reference 'atual' not supported (reference to group function)","dados":null}
{"timestamp":"2026-06-25T01:23:25.778Z","nivel":"ERRO","mensagem":"[BI] query falhou: Reference 'anterior' not supported (reference to group function)","dados":null}
{"timestamp":"2026-06-25T01:23:25.788Z","nivel":"ERRO","mensagem":"[BI] query falhou: Reference 'atual' not supported (reference to group function)","dados":null}
{"timestamp":"2026-06-25T01:23:25.790Z","nivel":"ERRO","mensagem":"[BI] query falhou: Reference 'anterior' not supported (reference to group function)","dados":null}
{"timestamp":"2026-06-25T01:24:15.409Z","nivel":"INFO","mensagem":"Login realizado","dados":{"usuarioId":2,"cargo":"vendedor"}}
{"timestamp":"2026-06-25T01:24:15.481Z","nivel":"ERRO","mensagem":"[BI] query falhou: Reference 'atual' not supported (reference to group function)","dados":null}
{"timestamp":"2026-06-25T01:24:15.482Z","nivel":"ERRO","mensagem":"[BI] query falhou: Reference 'anterior' not supported (reference to group function)","dados":null}
{"timestamp":"2026-06-25T01:24:15.490Z","nivel":"ERRO","mensagem":"[BI] query falhou: Reference 'atual' not supported (reference to group function)","dados":null}
{"timestamp":"2026-06-25T01:24:15.491Z","nivel":"ERRO","mensagem":"[BI] query falhou: Reference 'anterior' not supported (reference to group function)","dados":null}
{"timestamp":"2026-06-25T01:24:35.294Z","nivel":"ERRO","mensagem":"[BI] query falhou: Reference 'atual' not supported (reference to group function)","dados":null}
{"timestamp":"2026-06-25T01:24:35.295Z","nivel":"ERRO","mensagem":"[BI] query falhou: Reference 'anterior' not supported (reference to group function)","dados":null}
{"timestamp":"2026-06-25T01:24:35.304Z","nivel":"ERRO","mensagem":"[BI] query falhou: Reference 'atual' not supported (reference to group function)","dados":null}
{"timestamp":"2026-06-25T01:24:35.305Z","nivel":"ERRO","mensagem":"[BI] query falhou: Reference 'anterior' not supported (reference to group function)","dados":null}
{"timestamp":"2026-06-25T01:24:50.106Z","nivel":"INFO","mensagem":"Login realizado","dados":{"usuarioId":1,"cargo":"admin"}}
{"timestamp":"2026-06-25T01:24:50.163Z","nivel":"ERRO","mensagem":"[BI] query falhou: Reference 'atual' not supported (reference to group function)","dados":null}
{"timestamp":"2026-06-25T01:24:50.165Z","nivel":"ERRO","mensagem":"[BI] query falhou: Reference 'anterior' not supported (reference to group function)","dados":null}
{"timestamp":"2026-06-25T01:24:50.171Z","nivel":"ERRO","mensagem":"[BI] query falhou: Reference 'atual' not supported (reference to group function)","dados":null}
{"timestamp":"2026-06-25T01:24:50.173Z","nivel":"ERRO","mensagem":"[BI] query falhou: Reference 'anterior' not supported (reference to group function)","dados":null}
{"timestamp":"2026-06-25T01:25:29.837Z","nivel":"INFO","mensagem":"Venda cancelada","dados":{"vendaId":"8"}}
{"timestamp":"2026-06-25T01:28:13.238Z","nivel":"ERRO","mensagem":"[BI] query falhou: Reference 'atual' not supported (reference to group function)","dados":null}
{"timestamp":"2026-06-25T01:28:13.239Z","nivel":"ERRO","mensagem":"[BI] query falhou: Reference 'anterior' not supported (reference to group function)","dados":null}
{"timestamp":"2026-06-25T01:28:13.245Z","nivel":"ERRO","mensagem":"[BI] query falhou: Reference 'atual' not supported (reference to group function)","dados":null}
{"timestamp":"2026-06-25T01:28:13.246Z","nivel":"ERRO","mensagem":"[BI] query falhou: Reference 'anterior' not supported (reference to group function)","dados":null}
{"timestamp":"2026-06-25T01:28:53.281Z","nivel":"INFO","mensagem":"Cliente criado","dados":{"clienteId":4,"nome":"teste da silva"}}
{"timestamp":"2026-06-25T01:30:53.980Z","nivel":"INFO","mensagem":"Venda criada","dados":{"vendaId":16,"valor_final":630,"itens":2}}
{"timestamp":"2026-06-25T01:31:50.485Z","nivel":"ERRO","mensagem":"[BI] query falhou: Reference 'atual' not supported (reference to group function)","dados":null}
{"timestamp":"2026-06-25T01:31:50.487Z","nivel":"ERRO","mensagem":"[BI] query falhou: Reference 'anterior' not supported (reference to group function)","dados":null}
{"timestamp":"2026-06-25T01:31:50.499Z","nivel":"ERRO","mensagem":"[BI] query falhou: Reference 'atual' not supported (reference to group function)","dados":null}
{"timestamp":"2026-06-25T01:31:50.501Z","nivel":"ERRO","mensagem":"[BI] query falhou: Reference 'anterior' not supported (reference to group function)","dados":null}
{"timestamp":"2026-06-25T01:31:57.295Z","nivel":"ERRO","mensagem":"[BI] query falhou: Reference 'atual' not supported (reference to group function)","dados":null}
{"timestamp":"2026-06-25T01:31:57.296Z","nivel":"ERRO","mensagem":"[BI] query falhou: Reference 'anterior' not supported (reference to group function)","dados":null}
{"timestamp":"2026-06-25T01:31:57.302Z","nivel":"ERRO","mensagem":"[BI] query falhou: Reference 'atual' not supported (reference to group function)","dados":null}
{"timestamp":"2026-06-25T01:31:57.303Z","nivel":"ERRO","mensagem":"[BI] query falhou: Reference 'anterior' not supported (reference to group function)","dados":null}
{"timestamp":"2026-06-25T01:32:01.883Z","nivel":"ERRO","mensagem":"[BI] query falhou: Reference 'atual' not supported (reference to group function)","dados":null}
{"timestamp":"2026-06-25T01:32:01.884Z","nivel":"ERRO","mensagem":"[BI] query falhou: Reference 'anterior' not supported (reference to group function)","dados":null}
{"timestamp":"2026-06-25T01:32:01.890Z","nivel":"ERRO","mensagem":"[BI] query falhou: Reference 'atual' not supported (reference to group function)","dados":null}
{"timestamp":"2026-06-25T01:32:01.892Z","nivel":"ERRO","mensagem":"[BI] query falhou: Reference 'anterior' not supported (reference to group function)","dados":null}
{"timestamp":"2026-06-25T01:32:45.298Z","nivel":"ERRO","mensagem":"[BI] query falhou: Reference 'atual' not supported (reference to group function)","dados":null}
{"timestamp":"2026-06-25T01:32:45.299Z","nivel":"ERRO","mensagem":"[BI] query falhou: Reference 'anterior' not supported (reference to group function)","dados":null}
{"timestamp":"2026-06-25T01:32:45.306Z","nivel":"ERRO","mensagem":"[BI] query falhou: Reference 'atual' not supported (reference to group function)","dados":null}
{"timestamp":"2026-06-25T01:32:45.307Z","nivel":"ERRO","mensagem":"[BI] query falhou: Reference 'anterior' not supported (reference to group function)","dados":null}
{"timestamp":"2026-06-25T01:33:00.647Z","nivel":"ERRO","mensagem":"[BI] query falhou: Reference 'atual' not supported (reference to group function)","dados":null}
{"timestamp":"2026-06-25T01:33:00.649Z","nivel":"ERRO","mensagem":"[BI] query falhou: Reference 'anterior' not supported (reference to group function)","dados":null}
{"timestamp":"2026-06-25T01:33:00.656Z","nivel":"ERRO","mensagem":"[BI] query falhou: Reference 'atual' not supported (reference to group function)","dados":null}
{"timestamp":"2026-06-25T01:33:00.657Z","nivel":"ERRO","mensagem":"[BI] query falhou: Reference 'anterior' not supported (reference to group function)","dados":null}
{"timestamp":"2026-06-25T01:33:02.320Z","nivel":"ERRO","mensagem":"[BI] query falhou: Reference 'atual' not supported (reference to group function)","dados":null}
{"timestamp":"2026-06-25T01:33:02.321Z","nivel":"ERRO","mensagem":"[BI] query falhou: Reference 'anterior' not supported (reference to group function)","dados":null}
{"timestamp":"2026-06-25T01:33:02.328Z","nivel":"ERRO","mensagem":"[BI] query falhou: Reference 'atual' not supported (reference to group function)","dados":null}
{"timestamp":"2026-06-25T01:33:02.330Z","nivel":"ERRO","mensagem":"[BI] query falhou: Reference 'anterior' not supported (reference to group function)","dados":null}
{"timestamp":"2026-06-25T01:33:54.941Z","nivel":"INFO","mensagem":"Login realizado","dados":{"usuarioId":1,"cargo":"admin"}}
{"timestamp":"2026-06-25T01:33:55.006Z","nivel":"ERRO","mensagem":"[BI] query falhou: Reference 'atual' not supported (reference to group function)","dados":null}
{"timestamp":"2026-06-25T01:33:55.007Z","nivel":"ERRO","mensagem":"[BI] query falhou: Reference 'anterior' not supported (reference to group function)","dados":null}
{"timestamp":"2026-06-25T01:33:55.013Z","nivel":"ERRO","mensagem":"[BI] query falhou: Reference 'atual' not supported (reference to group function)","dados":null}
{"timestamp":"2026-06-25T01:33:55.014Z","nivel":"ERRO","mensagem":"[BI] query falhou: Reference 'anterior' not supported (reference to group function)","dados":null}
{"timestamp":"2026-06-25T01:34:45.281Z","nivel":"ERRO","mensagem":"[BI] query falhou: Reference 'atual' not supported (reference to group function)","dados":null}
{"timestamp":"2026-06-25T01:34:45.282Z","nivel":"ERRO","mensagem":"[BI] query falhou: Reference 'anterior' not supported (reference to group function)","dados":null}
{"timestamp":"2026-06-25T01:34:45.288Z","nivel":"ERRO","mensagem":"[BI] query falhou: Reference 'atual' not supported (reference to group function)","dados":null}
{"timestamp":"2026-06-25T01:34:45.289Z","nivel":"ERRO","mensagem":"[BI] query falhou: Reference 'anterior' not supported (reference to group function)","dados":null}
{"timestamp":"2026-06-25T01:35:14.085Z","nivel":"INFO","mensagem":"Venda criada","dados":{"vendaId":17,"valor_final":215,"itens":2}}
{"timestamp":"2026-06-25T01:35:36.895Z","nivel":"ERRO","mensagem":"[BI] query falhou: Reference 'atual' not supported (reference to group function)","dados":null}
{"timestamp":"2026-06-25T01:35:36.897Z","nivel":"ERRO","mensagem":"[BI] query falhou: Reference 'anterior' not supported (reference to group function)","dados":null}
{"timestamp":"2026-06-25T01:35:36.904Z","nivel":"ERRO","mensagem":"[BI] query falhou: Reference 'atual' not supported (reference to group function)","dados":null}
{"timestamp":"2026-06-25T01:35:36.905Z","nivel":"ERRO","mensagem":"[BI] query falhou: Reference 'anterior' not supported (reference to group function)","dados":null}
{"timestamp":"2026-06-25T01:35:39.887Z","nivel":"ERRO","mensagem":"[BI] query falhou: Reference 'atual' not supported (reference to group function)","dados":null}
{"timestamp":"2026-06-25T01:35:39.888Z","nivel":"ERRO","mensagem":"[BI] query falhou: Reference 'anterior' not supported (reference to group function)","dados":null}
{"timestamp":"2026-06-25T01:35:39.895Z","nivel":"ERRO","mensagem":"[BI] query falhou: Reference 'atual' not supported (reference to group function)","dados":null}
{"timestamp":"2026-06-25T01:35:39.897Z","nivel":"ERRO","mensagem":"[BI] query falhou: Reference 'anterior' not supported (reference to group function)","dados":null}
{"timestamp":"2026-06-25T01:37:42.299Z","nivel":"ERRO","mensagem":"[BI] query falhou: Reference 'atual' not supported (reference to group function)","dados":null}
{"timestamp":"2026-06-25T01:37:42.301Z","nivel":"ERRO","mensagem":"[BI] query falhou: Reference 'anterior' not supported (reference to group function)","dados":null}
{"timestamp":"2026-06-25T01:37:42.309Z","nivel":"ERRO","mensagem":"[BI] query falhou: Reference 'atual' not supported (reference to group function)","dados":null}
{"timestamp":"2026-06-25T01:37:42.311Z","nivel":"ERRO","mensagem":"[BI] query falhou: Reference 'anterior' not supported (reference to group function)","dados":null}
{"timestamp":"2026-06-25T01:37:49.313Z","nivel":"ERRO","mensagem":"[BI] query falhou: Reference 'atual' not supported (reference to group function)","dados":null}
{"timestamp":"2026-06-25T01:37:49.315Z","nivel":"ERRO","mensagem":"[BI] query falhou: Reference 'anterior' not supported (reference to group function)","dados":null}
{"timestamp":"2026-06-25T01:37:49.324Z","nivel":"ERRO","mensagem":"[BI] query falhou: Reference 'atual' not supported (reference to group function)","dados":null}
{"timestamp":"2026-06-25T01:37:49.326Z","nivel":"ERRO","mensagem":"[BI] query falhou: Reference 'anterior' not supported (reference to group function)","dados":null}
{"timestamp":"2026-06-25T01:37:59.270Z","nivel":"ERRO","mensagem":"[BI] query falhou: Reference 'atual' not supported (reference to group function)","dados":null}
{"timestamp":"2026-06-25T01:37:59.271Z","nivel":"ERRO","mensagem":"[BI] query falhou: Reference 'anterior' not supported (reference to group function)","dados":null}
{"timestamp":"2026-06-25T01:37:59.279Z","nivel":"ERRO","mensagem":"[BI] query falhou: Reference 'atual' not supported (reference to group function)","dados":null}
{"timestamp":"2026-06-25T01:37:59.280Z","nivel":"ERRO","mensagem":"[BI] query falhou: Reference 'anterior' not supported (reference to group function)","dados":null}
{"timestamp":"2026-06-25T01:38:39.495Z","nivel":"ERRO","mensagem":"[BI] query falhou: Reference 'atual' not supported (reference to group function)","dados":null}
{"timestamp":"2026-06-25T01:38:39.496Z","nivel":"ERRO","mensagem":"[BI] query falhou: Reference 'anterior' not supported (reference to group function)","dados":null}
{"timestamp":"2026-06-25T01:38:39.505Z","nivel":"ERRO","mensagem":"[BI] query falhou: Reference 'atual' not supported (reference to group function)","dados":null}
{"timestamp":"2026-06-25T01:38:39.506Z","nivel":"ERRO","mensagem":"[BI] query falhou: Reference 'anterior' not supported (reference to group function)","dados":null}
{"timestamp":"2026-06-25T02:03:17.480Z","nivel":"INFO","mensagem":"Servidor FocoTotal iniciado na porta 3001","dados":null}
{"timestamp":"2026-06-25T02:03:17.507Z","nivel":"INFO","mensagem":"Banco de dados conectado com sucesso","dados":null}
{"timestamp":"2026-06-25T02:03:29.076Z","nivel":"INFO","mensagem":"Servidor FocoTotal iniciado na porta 3001","dados":null}
{"timestamp":"2026-06-25T02:03:29.099Z","nivel":"INFO","mensagem":"Banco de dados conectado com sucesso","dados":null}
{"timestamp":"2026-06-25T02:04:16.553Z","nivel":"INFO","mensagem":"Servidor FocoTotal iniciado na porta 3001","dados":null}
{"timestamp":"2026-06-25T02:04:16.577Z","nivel":"INFO","mensagem":"Banco de dados conectado com sucesso","dados":null}
{"timestamp":"2026-06-25T02:07:10.082Z","nivel":"ERRO","mensagem":"[BI] query falhou: Reference 'atual' not supported (reference to group function)","dados":null}
{"timestamp":"2026-06-25T02:07:10.085Z","nivel":"ERRO","mensagem":"[BI] query falhou: Reference 'anterior' not supported (reference to group function)","dados":null}
{"timestamp":"2026-06-25T02:07:10.093Z","nivel":"ERRO","mensagem":"[BI] query falhou: Reference 'atual' not supported (reference to group function)","dados":null}
{"timestamp":"2026-06-25T02:07:10.095Z","nivel":"ERRO","mensagem":"[BI] query falhou: Reference 'anterior' not supported (reference to group function)","dados":null}
{"timestamp":"2026-06-25T02:09:09.239Z","nivel":"INFO","mensagem":"Servidor FocoTotal iniciado na porta 3001","dados":null}
{"timestamp":"2026-06-25T02:09:09.264Z","nivel":"INFO","mensagem":"Banco de dados conectado com sucesso","dados":null}
{"timestamp":"2026-06-25T02:09:24.104Z","nivel":"ERRO","mensagem":"[BI] query falhou: Reference 'atual' not supported (reference to group function)","dados":null}
{"timestamp":"2026-06-25T02:09:24.105Z","nivel":"ERRO","mensagem":"[BI] query falhou: Reference 'anterior' not supported (reference to group function)","dados":null}
{"timestamp":"2026-06-25T02:09:24.113Z","nivel":"ERRO","mensagem":"[BI] query falhou: Reference 'atual' not supported (reference to group function)","dados":null}
{"timestamp":"2026-06-25T02:09:24.114Z","nivel":"ERRO","mensagem":"[BI] query falhou: Reference 'anterior' not supported (reference to group function)","dados":null}
{"timestamp":"2026-06-25T02:09:38.001Z","nivel":"ERRO","mensagem":"Erro ao listar vendas","dados":{"code":"ER_BAD_FIELD_ERROR","errno":1054,"sqlState":"42S22","sqlMessage":"Unknown column 'v.forma_pagamento' in 'field list'","sql":"\n        SELECT\n          v.id, v.valor_total, v.desconto, v.valor_final,\n          v.status, v.criado_em,\n          COALESCE(v.forma_pagamento, 'DINHEIRO') AS forma_pagamento,\n          COALESCE(v.parcelas, 1)                  AS parcelas,\n          c.nome AS cliente_nome,\n          u.nome AS usuario_nome\n        FROM vendas v\n        LEFT JOIN clientes c ON v.cliente_id = c.id\n        JOIN  usuarios u     ON v.usuario_id  = u.id\n        ORDER BY v.criado_em DESC\n        LIMIT 200\n      "}}
{"timestamp":"2026-06-25T02:09:38.014Z","nivel":"ERRO","mensagem":"Erro ao listar vendas","dados":{"code":"ER_BAD_FIELD_ERROR","errno":1054,"sqlState":"42S22","sqlMessage":"Unknown column 'v.forma_pagamento' in 'field list'","sql":"\n        SELECT\n          v.id, v.valor_total, v.desconto, v.valor_final,\n          v.status, v.criado_em,\n          COALESCE(v.forma_pagamento, 'DINHEIRO') AS forma_pagamento,\n          COALESCE(v.parcelas, 1)                  AS parcelas,\n          c.nome AS cliente_nome,\n          u.nome AS usuario_nome\n        FROM vendas v\n        LEFT JOIN clientes c ON v.cliente_id = c.id\n        JOIN  usuarios u     ON v.usuario_id  = u.id\n        ORDER BY v.criado_em DESC\n        LIMIT 200\n      "}}
{"timestamp":"2026-06-25T02:10:56.154Z","nivel":"INFO","mensagem":"Cliente criado","dados":{"clienteId":5,"nome":"teste da silva"}}
{"timestamp":"2026-06-25T02:11:37.140Z","nivel":"ERRO","mensagem":"[BI] query falhou: Reference 'atual' not supported (reference to group function)","dados":null}
{"timestamp":"2026-06-25T02:11:37.142Z","nivel":"ERRO","mensagem":"[BI] query falhou: Reference 'anterior' not supported (reference to group function)","dados":null}
{"timestamp":"2026-06-25T02:11:37.149Z","nivel":"ERRO","mensagem":"[BI] query falhou: Reference 'atual' not supported (reference to group function)","dados":null}
{"timestamp":"2026-06-25T02:11:37.150Z","nivel":"ERRO","mensagem":"[BI] query falhou: Reference 'anterior' not supported (reference to group function)","dados":null}
{"timestamp":"2026-06-25T02:12:17.076Z","nivel":"INFO","mensagem":"Usuário atualizado","dados":{"usuarioId":"3"}}
{"timestamp":"2026-06-25T02:12:28.324Z","nivel":"INFO","mensagem":"Usuário atualizado","dados":{"usuarioId":"2"}}
{"timestamp":"2026-06-25T02:12:51.658Z","nivel":"ERRO","mensagem":"[BI] query falhou: Reference 'atual' not supported (reference to group function)","dados":null}
{"timestamp":"2026-06-25T02:12:51.659Z","nivel":"ERRO","mensagem":"[BI] query falhou: Reference 'anterior' not supported (reference to group function)","dados":null}
{"timestamp":"2026-06-25T02:12:51.666Z","nivel":"ERRO","mensagem":"[BI] query falhou: Reference 'atual' not supported (reference to group function)","dados":null}
{"timestamp":"2026-06-25T02:12:51.667Z","nivel":"ERRO","mensagem":"[BI] query falhou: Reference 'anterior' not supported (reference to group function)","dados":null}
{"timestamp":"2026-06-25T02:13:16.990Z","nivel":"ERRO","mensagem":"[BI] query falhou: Reference 'atual' not supported (reference to group function)","dados":null}
{"timestamp":"2026-06-25T02:13:16.992Z","nivel":"ERRO","mensagem":"[BI] query falhou: Reference 'anterior' not supported (reference to group function)","dados":null}
{"timestamp":"2026-06-25T02:13:16.998Z","nivel":"ERRO","mensagem":"[BI] query falhou: Reference 'atual' not supported (reference to group function)","dados":null}
{"timestamp":"2026-06-25T02:13:17.000Z","nivel":"ERRO","mensagem":"[BI] query falhou: Reference 'anterior' not supported (reference to group function)","dados":null}
{"timestamp":"2026-06-25T02:13:52.349Z","nivel":"INFO","mensagem":"Cliente atualizado","dados":{"clienteId":"5"}}
{"timestamp":"2026-06-25T02:13:57.947Z","nivel":"ERRO","mensagem":"Erro ao listar vendas","dados":{"code":"ER_BAD_FIELD_ERROR","errno":1054,"sqlState":"42S22","sqlMessage":"Unknown column 'v.forma_pagamento' in 'field list'","sql":"\n        SELECT\n          v.id, v.valor_total, v.desconto, v.valor_final,\n          v.status, v.criado_em,\n          COALESCE(v.forma_pagamento, 'DINHEIRO') AS forma_pagamento,\n          COALESCE(v.parcelas, 1)                  AS parcelas,\n          c.nome AS cliente_nome,\n          u.nome AS usuario_nome\n        FROM vendas v\n        LEFT JOIN clientes c ON v.cliente_id = c.id\n        JOIN  usuarios u     ON v.usuario_id  = u.id\n        ORDER BY v.criado_em DESC\n        LIMIT 200\n      "}}
{"timestamp":"2026-06-25T02:13:57.961Z","nivel":"ERRO","mensagem":"Erro ao listar vendas","dados":{"code":"ER_BAD_FIELD_ERROR","errno":1054,"sqlState":"42S22","sqlMessage":"Unknown column 'v.forma_pagamento' in 'field list'","sql":"\n        SELECT\n          v.id, v.valor_total, v.desconto, v.valor_final,\n          v.status, v.criado_em,\n          COALESCE(v.forma_pagamento, 'DINHEIRO') AS forma_pagamento,\n          COALESCE(v.parcelas, 1)                  AS parcelas,\n          c.nome AS cliente_nome,\n          u.nome AS usuario_nome\n        FROM vendas v\n        LEFT JOIN clientes c ON v.cliente_id = c.id\n        JOIN  usuarios u     ON v.usuario_id  = u.id\n        ORDER BY v.criado_em DESC\n        LIMIT 200\n      "}}
{"timestamp":"2026-06-25T02:14:43.598Z","nivel":"ERRO","mensagem":"Erro ao listar vendas","dados":{"code":"ER_BAD_FIELD_ERROR","errno":1054,"sqlState":"42S22","sqlMessage":"Unknown column 'v.forma_pagamento' in 'field list'","sql":"\n        SELECT\n          v.id, v.valor_total, v.desconto, v.valor_final,\n          v.status, v.criado_em,\n          COALESCE(v.forma_pagamento, 'DINHEIRO') AS forma_pagamento,\n          COALESCE(v.parcelas, 1)                  AS parcelas,\n          c.nome AS cliente_nome,\n          u.nome AS usuario_nome\n        FROM vendas v\n        LEFT JOIN clientes c ON v.cliente_id = c.id\n        JOIN  usuarios u     ON v.usuario_id  = u.id\n        ORDER BY v.criado_em DESC\n        LIMIT 200\n      "}}
{"timestamp":"2026-06-25T02:14:43.612Z","nivel":"ERRO","mensagem":"Erro ao listar vendas","dados":{"code":"ER_BAD_FIELD_ERROR","errno":1054,"sqlState":"42S22","sqlMessage":"Unknown column 'v.forma_pagamento' in 'field list'","sql":"\n        SELECT\n          v.id, v.valor_total, v.desconto, v.valor_final,\n          v.status, v.criado_em,\n          COALESCE(v.forma_pagamento, 'DINHEIRO') AS forma_pagamento,\n          COALESCE(v.parcelas, 1)                  AS parcelas,\n          c.nome AS cliente_nome,\n          u.nome AS usuario_nome\n        FROM vendas v\n        LEFT JOIN clientes c ON v.cliente_id = c.id\n        JOIN  usuarios u     ON v.usuario_id  = u.id\n        ORDER BY v.criado_em DESC\n        LIMIT 200\n      "}}
{"timestamp":"2026-06-25T02:14:50.077Z","nivel":"ERRO","mensagem":"[BI] query falhou: Reference 'atual' not supported (reference to group function)","dados":null}
{"timestamp":"2026-06-25T02:14:50.079Z","nivel":"ERRO","mensagem":"[BI] query falhou: Reference 'anterior' not supported (reference to group function)","dados":null}
{"timestamp":"2026-06-25T02:14:50.087Z","nivel":"ERRO","mensagem":"[BI] query falhou: Reference 'atual' not supported (reference to group function)","dados":null}
{"timestamp":"2026-06-25T02:14:50.088Z","nivel":"ERRO","mensagem":"[BI] query falhou: Reference 'anterior' not supported (reference to group function)","dados":null}
{"timestamp":"2026-06-25T02:15:52.692Z","nivel":"ERRO","mensagem":"Erro ao listar vendas","dados":{"code":"ER_BAD_FIELD_ERROR","errno":1054,"sqlState":"42S22","sqlMessage":"Unknown column 'v.forma_pagamento' in 'field list'","sql":"\n        SELECT\n          v.id, v.valor_total, v.desconto, v.valor_final,\n          v.status, v.criado_em,\n          COALESCE(v.forma_pagamento, 'DINHEIRO') AS forma_pagamento,\n          COALESCE(v.parcelas, 1)                  AS parcelas,\n          c.nome AS cliente_nome,\n          u.nome AS usuario_nome\n        FROM vendas v\n        LEFT JOIN clientes c ON v.cliente_id = c.id\n        JOIN  usuarios u     ON v.usuario_id  = u.id\n        ORDER BY v.criado_em DESC\n        LIMIT 200\n      "}}
{"timestamp":"2026-06-25T02:15:52.705Z","nivel":"ERRO","mensagem":"Erro ao listar vendas","dados":{"code":"ER_BAD_FIELD_ERROR","errno":1054,"sqlState":"42S22","sqlMessage":"Unknown column 'v.forma_pagamento' in 'field list'","sql":"\n        SELECT\n          v.id, v.valor_total, v.desconto, v.valor_final,\n          v.status, v.criado_em,\n          COALESCE(v.forma_pagamento, 'DINHEIRO') AS forma_pagamento,\n          COALESCE(v.parcelas, 1)                  AS parcelas,\n          c.nome AS cliente_nome,\n          u.nome AS usuario_nome\n        FROM vendas v\n        LEFT JOIN clientes c ON v.cliente_id = c.id\n        JOIN  usuarios u     ON v.usuario_id  = u.id\n        ORDER BY v.criado_em DESC\n        LIMIT 200\n      "}}
{"timestamp":"2026-06-25T02:23:58.608Z","nivel":"INFO","mensagem":"Servidor FocoTotal iniciado na porta 3001","dados":null}
{"timestamp":"2026-06-25T02:23:58.632Z","nivel":"INFO","mensagem":"Banco de dados conectado com sucesso","dados":null}
{"timestamp":"2026-06-25T02:24:07.530Z","nivel":"INFO","mensagem":"Servidor FocoTotal iniciado na porta 3001","dados":null}
{"timestamp":"2026-06-25T02:24:07.553Z","nivel":"INFO","mensagem":"Banco de dados conectado com sucesso","dados":null}
{"timestamp":"2026-06-25T02:24:19.835Z","nivel":"INFO","mensagem":"Servidor FocoTotal iniciado na porta 3001","dados":null}
{"timestamp":"2026-06-25T02:24:19.859Z","nivel":"INFO","mensagem":"Banco de dados conectado com sucesso","dados":null}
{"timestamp":"2026-06-25T02:24:28.051Z","nivel":"INFO","mensagem":"Servidor FocoTotal iniciado na porta 3001","dados":null}
{"timestamp":"2026-06-25T02:24:28.077Z","nivel":"INFO","mensagem":"Banco de dados conectado com sucesso","dados":null}
{"timestamp":"2026-06-25T02:24:35.155Z","nivel":"INFO","mensagem":"Servidor FocoTotal iniciado na porta 3001","dados":null}
{"timestamp":"2026-06-25T02:24:35.179Z","nivel":"INFO","mensagem":"Banco de dados conectado com sucesso","dados":null}
{"timestamp":"2026-06-25T02:24:42.853Z","nivel":"INFO","mensagem":"Servidor FocoTotal iniciado na porta 3001","dados":null}
{"timestamp":"2026-06-25T02:24:42.876Z","nivel":"INFO","mensagem":"Banco de dados conectado com sucesso","dados":null}
{"timestamp":"2026-06-25T02:31:57.896Z","nivel":"INFO","mensagem":"Servidor FocoTotal iniciado na porta 3001","dados":null}
{"timestamp":"2026-06-25T02:31:57.921Z","nivel":"INFO","mensagem":"Banco de dados conectado com sucesso","dados":null}
{"timestamp":"2026-06-25T02:32:15.298Z","nivel":"ERRO","mensagem":"[BI] query falhou: Reference 'atual' not supported (reference to group function)","dados":null}
{"timestamp":"2026-06-25T02:32:15.301Z","nivel":"ERRO","mensagem":"[BI] query falhou: Reference 'anterior' not supported (reference to group function)","dados":null}
{"timestamp":"2026-06-25T02:32:15.308Z","nivel":"ERRO","mensagem":"[BI] query falhou: Reference 'atual' not supported (reference to group function)","dados":null}
{"timestamp":"2026-06-25T02:32:15.310Z","nivel":"ERRO","mensagem":"[BI] query falhou: Reference 'anterior' not supported (reference to group function)","dados":null}
{"timestamp":"2026-06-25T02:32:16.526Z","nivel":"ERRO","mensagem":"[BI] query falhou: Reference 'atual' not supported (reference to group function)","dados":null}
{"timestamp":"2026-06-25T02:32:16.528Z","nivel":"ERRO","mensagem":"[BI] query falhou: Reference 'anterior' not supported (reference to group function)","dados":null}
{"timestamp":"2026-06-25T02:32:16.535Z","nivel":"ERRO","mensagem":"[BI] query falhou: Reference 'atual' not supported (reference to group function)","dados":null}
{"timestamp":"2026-06-25T02:32:16.536Z","nivel":"ERRO","mensagem":"[BI] query falhou: Reference 'anterior' not supported (reference to group function)","dados":null}
{"timestamp":"2026-06-25T02:34:09.861Z","nivel":"INFO","mensagem":"Venda criada","dados":{"vendaId":18,"valor_final":330,"itens":2}}
{"timestamp":"2026-06-25T02:34:12.969Z","nivel":"ERRO","mensagem":"[BI] query falhou: Reference 'atual' not supported (reference to group function)","dados":null}
{"timestamp":"2026-06-25T02:34:12.971Z","nivel":"ERRO","mensagem":"[BI] query falhou: Reference 'anterior' not supported (reference to group function)","dados":null}
{"timestamp":"2026-06-25T02:34:12.980Z","nivel":"ERRO","mensagem":"[BI] query falhou: Reference 'atual' not supported (reference to group function)","dados":null}
{"timestamp":"2026-06-25T02:34:12.981Z","nivel":"ERRO","mensagem":"[BI] query falhou: Reference 'anterior' not supported (reference to group function)","dados":null}
{"timestamp":"2026-06-25T02:35:23.923Z","nivel":"INFO","mensagem":"Venda criada","dados":{"vendaId":19,"valor_final":280,"itens":1}}
{"timestamp":"2026-06-25T02:35:29.470Z","nivel":"ERRO","mensagem":"[BI] query falhou: Reference 'atual' not supported (reference to group function)","dados":null}
{"timestamp":"2026-06-25T02:35:29.471Z","nivel":"ERRO","mensagem":"[BI] query falhou: Reference 'anterior' not supported (reference to group function)","dados":null}
{"timestamp":"2026-06-25T02:35:29.479Z","nivel":"ERRO","mensagem":"[BI] query falhou: Reference 'atual' not supported (reference to group function)","dados":null}
{"timestamp":"2026-06-25T02:35:29.481Z","nivel":"ERRO","mensagem":"[BI] query falhou: Reference 'anterior' not supported (reference to group function)","dados":null}
{"timestamp":"2026-06-25T02:37:32.872Z","nivel":"INFO","mensagem":"Venda criada","dados":{"vendaId":20,"valor_final":198,"itens":1}}
{"timestamp":"2026-06-25T02:39:16.301Z","nivel":"INFO","mensagem":"Movimentação de estoque registrada","dados":{"tipo":"entrada","produto_id":4,"quantidade":5}}
{"timestamp":"2026-06-25T02:39:34.562Z","nivel":"ERRO","mensagem":"[BI] query falhou: Reference 'atual' not supported (reference to group function)","dados":null}
{"timestamp":"2026-06-25T02:39:34.563Z","nivel":"ERRO","mensagem":"[BI] query falhou: Reference 'anterior' not supported (reference to group function)","dados":null}
{"timestamp":"2026-06-25T02:39:34.574Z","nivel":"ERRO","mensagem":"[BI] query falhou: Reference 'atual' not supported (reference to group function)","dados":null}
{"timestamp":"2026-06-25T02:39:34.576Z","nivel":"ERRO","mensagem":"[BI] query falhou: Reference 'anterior' not supported (reference to group function)","dados":null}
{"timestamp":"2026-06-25T02:40:46.562Z","nivel":"ERRO","mensagem":"[BI] query falhou: Reference 'atual' not supported (reference to group function)","dados":null}
{"timestamp":"2026-06-25T02:40:46.564Z","nivel":"ERRO","mensagem":"[BI] query falhou: Reference 'anterior' not supported (reference to group function)","dados":null}
{"timestamp":"2026-06-25T02:40:46.571Z","nivel":"ERRO","mensagem":"[BI] query falhou: Reference 'atual' not supported (reference to group function)","dados":null}
{"timestamp":"2026-06-25T02:40:46.573Z","nivel":"ERRO","mensagem":"[BI] query falhou: Reference 'anterior' not supported (reference to group function)","dados":null}
{"timestamp":"2026-06-25T02:41:34.488Z","nivel":"ERRO","mensagem":"[BI] query falhou: Reference 'atual' not supported (reference to group function)","dados":null}
{"timestamp":"2026-06-25T02:41:34.490Z","nivel":"ERRO","mensagem":"[BI] query falhou: Reference 'anterior' not supported (reference to group function)","dados":null}
{"timestamp":"2026-06-25T02:41:34.497Z","nivel":"ERRO","mensagem":"[BI] query falhou: Reference 'atual' not supported (reference to group function)","dados":null}
{"timestamp":"2026-06-25T02:41:34.499Z","nivel":"ERRO","mensagem":"[BI] query falhou: Reference 'anterior' not supported (reference to group function)","dados":null}
{"timestamp":"2026-06-25T02:42:02.584Z","nivel":"ERRO","mensagem":"[BI] query falhou: Reference 'atual' not supported (reference to group function)","dados":null}
{"timestamp":"2026-06-25T02:42:02.585Z","nivel":"ERRO","mensagem":"[BI] query falhou: Reference 'anterior' not supported (reference to group function)","dados":null}
{"timestamp":"2026-06-25T02:42:02.593Z","nivel":"ERRO","mensagem":"[BI] query falhou: Reference 'atual' not supported (reference to group function)","dados":null}
{"timestamp":"2026-06-25T02:42:02.594Z","nivel":"ERRO","mensagem":"[BI] query falhou: Reference 'anterior' not supported (reference to group function)","dados":null}
{"timestamp":"2026-06-25T02:43:13.086Z","nivel":"INFO","mensagem":"Login realizado","dados":{"usuarioId":1,"cargo":"admin"}}
{"timestamp":"2026-06-25T02:43:13.177Z","nivel":"ERRO","mensagem":"[BI] query falhou: Reference 'atual' not supported (reference to group function)","dados":null}
{"timestamp":"2026-06-25T02:43:13.178Z","nivel":"ERRO","mensagem":"[BI] query falhou: Reference 'anterior' not supported (reference to group function)","dados":null}
{"timestamp":"2026-06-25T02:43:13.186Z","nivel":"ERRO","mensagem":"[BI] query falhou: Reference 'atual' not supported (reference to group function)","dados":null}
{"timestamp":"2026-06-25T02:43:13.188Z","nivel":"ERRO","mensagem":"[BI] query falhou: Reference 'anterior' not supported (reference to group function)","dados":null}
{"timestamp":"2026-06-25T18:03:53.099Z","nivel":"INFO","mensagem":"Servidor FocoTotal iniciado na porta 3001","dados":null}
{"timestamp":"2026-06-25T18:03:53.139Z","nivel":"INFO","mensagem":"Banco de dados conectado com sucesso","dados":null}
{"timestamp":"2026-06-25T18:04:19.560Z","nivel":"INFO","mensagem":"Login realizado","dados":{"usuarioId":1,"cargo":"admin"}}
{"timestamp":"2026-06-25T18:04:19.739Z","nivel":"ERRO","mensagem":"[BI] query falhou: Reference 'anterior' not supported (reference to group function)","dados":null}
{"timestamp":"2026-06-25T18:04:19.742Z","nivel":"ERRO","mensagem":"[BI] query falhou: Reference 'atual' not supported (reference to group function)","dados":null}
{"timestamp":"2026-06-25T18:04:19.766Z","nivel":"ERRO","mensagem":"[BI] query falhou: Reference 'anterior' not supported (reference to group function)","dados":null}
{"timestamp":"2026-06-25T18:04:19.770Z","nivel":"ERRO","mensagem":"[BI] query falhou: Reference 'atual' not supported (reference to group function)","dados":null}
{"timestamp":"2026-06-25T18:18:28.110Z","nivel":"INFO","mensagem":"Servidor FocoTotal iniciado na porta 3001","dados":null}
{"timestamp":"2026-06-25T18:18:28.141Z","nivel":"INFO","mensagem":"Banco de dados conectado com sucesso","dados":null}
{"timestamp":"2026-06-25T18:18:44.294Z","nivel":"INFO","mensagem":"Servidor FocoTotal iniciado na porta 3001","dados":null}
{"timestamp":"2026-06-25T18:18:44.318Z","nivel":"INFO","mensagem":"Banco de dados conectado com sucesso","dados":null}
{"timestamp":"2026-06-25T18:19:00.102Z","nivel":"INFO","mensagem":"Servidor FocoTotal iniciado na porta 3001","dados":null}
{"timestamp":"2026-06-25T18:19:00.127Z","nivel":"INFO","mensagem":"Banco de dados conectado com sucesso","dados":null}
{"timestamp":"2026-06-25T18:19:07.558Z","nivel":"INFO","mensagem":"Servidor FocoTotal iniciado na porta 3001","dados":null}
{"timestamp":"2026-06-25T18:19:07.580Z","nivel":"INFO","mensagem":"Banco de dados conectado com sucesso","dados":null}
{"timestamp":"2026-06-25T18:29:31.290Z","nivel":"ERRO","mensagem":"Erro ao listar despesas","dados":{"code":"ER_NO_SUCH_TABLE","errno":1146,"sqlState":"42S02","sqlMessage":"Table 'focototal.despesas' doesn't exist","sql":"\n        SELECT d.id, d.tipo, d.categoria, d.descricao, d.fornecedor,\n               d.quantidade, d.valor_unitario, d.valor_total,\n               d.data_competencia, d.observacoes, d.criado_em,\n               u.nome AS usuario_nome,\n               p.nome AS produto_nome, p.codigo AS produto_codigo\n        FROM despesas d\n        JOIN  usuarios u ON d.usuario_id = u.id\n        LEFT JOIN produtos p ON d.produto_id = p.id\n        WHERE 1=1\n       ORDER BY d.criado_em DESC LIMIT 500"}}
{"timestamp":"2026-06-25T18:29:31.299Z","nivel":"ERRO","mensagem":"Erro ao listar despesas","dados":{"code":"ER_NO_SUCH_TABLE","errno":1146,"sqlState":"42S02","sqlMessage":"Table 'focototal.despesas' doesn't exist","sql":"\n        SELECT d.id, d.tipo, d.categoria, d.descricao, d.fornecedor,\n               d.quantidade, d.valor_unitario, d.valor_total,\n               d.data_competencia, d.observacoes, d.criado_em,\n               u.nome AS usuario_nome,\n               p.nome AS produto_nome, p.codigo AS produto_codigo\n        FROM despesas d\n        JOIN  usuarios u ON d.usuario_id = u.id\n        LEFT JOIN produtos p ON d.produto_id = p.id\n        WHERE 1=1\n       ORDER BY d.criado_em DESC LIMIT 500"}}
{"timestamp":"2026-06-25T18:30:29.357Z","nivel":"ERRO","mensagem":"Erro ao criar despesa","dados":{"code":"ER_NO_SUCH_TABLE","errno":1146,"sqlState":"42S02","sqlMessage":"Table 'focototal.despesas' doesn't exist","sql":"INSERT INTO despesas\n           (tipo, categoria, descricao, fornecedor, produto_id, quantidade,\n            valor_unitario, valor_total, data_competencia, usuario_id, observacoes)\n         VALUES ('compra_estoque', 'Armação', 'Estoque de armação', '01', NULL, 5, 25, 125, '2026-06-25', 1, NULL)"}}
{"timestamp":"2026-06-25T18:30:39.935Z","nivel":"ERRO","mensagem":"Erro ao criar despesa","dados":{"code":"ER_NO_SUCH_TABLE","errno":1146,"sqlState":"42S02","sqlMessage":"Table 'focototal.despesas' doesn't exist","sql":"INSERT INTO despesas\n           (tipo, categoria, descricao, fornecedor, produto_id, quantidade,\n            valor_unitario, valor_total, data_competencia, usuario_id, observacoes)\n         VALUES ('compra_estoque', 'Armação', 'Estoque de armação', '01', NULL, 5, 25, 125, '2026-06-25', 1, NULL)"}}
{"timestamp":"2026-06-25T18:31:00.100Z","nivel":"ERRO","mensagem":"Erro ao criar despesa","dados":{"code":"ER_NO_SUCH_TABLE","errno":1146,"sqlState":"42S02","sqlMessage":"Table 'focototal.despesas' doesn't exist","sql":"INSERT INTO despesas\n           (tipo, categoria, descricao, fornecedor, produto_id, quantidade,\n            valor_unitario, valor_total, data_competencia, usuario_id, observacoes)\n         VALUES ('compra_estoque', 'Armação', 'Estoque de armação', '01', NULL, 5, 25, 125, '2026-06-25', 1, 'Estoque 1')"}}
{"timestamp":"2026-06-25T18:31:44.596Z","nivel":"ERRO","mensagem":"Erro ao listar despesas","dados":{"code":"ER_NO_SUCH_TABLE","errno":1146,"sqlState":"42S02","sqlMessage":"Table 'focototal.despesas' doesn't exist","sql":"\n        SELECT d.id, d.tipo, d.categoria, d.descricao, d.fornecedor,\n               d.quantidade, d.valor_unitario, d.valor_total,\n               d.data_competencia, d.observacoes, d.criado_em,\n               u.nome AS usuario_nome,\n               p.nome AS produto_nome, p.codigo AS produto_codigo\n        FROM despesas d\n        JOIN  usuarios u ON d.usuario_id = u.id\n        LEFT JOIN produtos p ON d.produto_id = p.id\n        WHERE 1=1\n       ORDER BY d.criado_em DESC LIMIT 500"}}
{"timestamp":"2026-06-25T18:31:44.606Z","nivel":"ERRO","mensagem":"Erro ao listar despesas","dados":{"code":"ER_NO_SUCH_TABLE","errno":1146,"sqlState":"42S02","sqlMessage":"Table 'focototal.despesas' doesn't exist","sql":"\n        SELECT d.id, d.tipo, d.categoria, d.descricao, d.fornecedor,\n               d.quantidade, d.valor_unitario, d.valor_total,\n               d.data_competencia, d.observacoes, d.criado_em,\n               u.nome AS usuario_nome,\n               p.nome AS produto_nome, p.codigo AS produto_codigo\n        FROM despesas d\n        JOIN  usuarios u ON d.usuario_id = u.id\n        LEFT JOIN produtos p ON d.produto_id = p.id\n        WHERE 1=1\n       ORDER BY d.criado_em DESC LIMIT 500"}}
{"timestamp":"2026-06-25T18:32:15.252Z","nivel":"INFO","mensagem":"Movimentação de estoque registrada","dados":{"tipo":"entrada","produto_id":1,"quantidade":3}}
{"timestamp":"2026-06-25T18:32:44.315Z","nivel":"ERRO","mensagem":"Erro ao listar despesas","dados":{"code":"ER_NO_SUCH_TABLE","errno":1146,"sqlState":"42S02","sqlMessage":"Table 'focototal.despesas' doesn't exist","sql":"\n        SELECT d.id, d.tipo, d.categoria, d.descricao, d.fornecedor,\n               d.quantidade, d.valor_unitario, d.valor_total,\n               d.data_competencia, d.observacoes, d.criado_em,\n               u.nome AS usuario_nome,\n               p.nome AS produto_nome, p.codigo AS produto_codigo\n        FROM despesas d\n        JOIN  usuarios u ON d.usuario_id = u.id\n        LEFT JOIN produtos p ON d.produto_id = p.id\n        WHERE 1=1\n       ORDER BY d.criado_em DESC LIMIT 500"}}
{"timestamp":"2026-06-25T18:32:44.325Z","nivel":"ERRO","mensagem":"Erro ao listar despesas","dados":{"code":"ER_NO_SUCH_TABLE","errno":1146,"sqlState":"42S02","sqlMessage":"Table 'focototal.despesas' doesn't exist","sql":"\n        SELECT d.id, d.tipo, d.categoria, d.descricao, d.fornecedor,\n               d.quantidade, d.valor_unitario, d.valor_total,\n               d.data_competencia, d.observacoes, d.criado_em,\n               u.nome AS usuario_nome,\n               p.nome AS produto_nome, p.codigo AS produto_codigo\n        FROM despesas d\n        JOIN  usuarios u ON d.usuario_id = u.id\n        LEFT JOIN produtos p ON d.produto_id = p.id\n        WHERE 1=1\n       ORDER BY d.criado_em DESC LIMIT 500"}}
{"timestamp":"2026-06-25T18:37:11.793Z","nivel":"INFO","mensagem":"Servidor FocoTotal iniciado na porta 3001","dados":null}
{"timestamp":"2026-06-25T18:37:11.816Z","nivel":"INFO","mensagem":"Banco de dados conectado com sucesso","dados":null}
{"timestamp":"2026-06-25T18:37:16.646Z","nivel":"INFO","mensagem":"Servidor FocoTotal iniciado na porta 3001","dados":null}
{"timestamp":"2026-06-25T18:37:16.672Z","nivel":"INFO","mensagem":"Banco de dados conectado com sucesso","dados":null}
{"timestamp":"2026-06-25T18:37:24.649Z","nivel":"INFO","mensagem":"Servidor FocoTotal iniciado na porta 3001","dados":null}
{"timestamp":"2026-06-25T18:37:24.672Z","nivel":"INFO","mensagem":"Banco de dados conectado com sucesso","dados":null}
{"timestamp":"2026-06-25T18:37:32.309Z","nivel":"ERRO","mensagem":"Erro ao listar despesas","dados":{"code":"ER_NO_SUCH_TABLE","errno":1146,"sqlState":"42S02","sqlMessage":"Table 'focototal.despesas' doesn't exist","sql":"\n        SELECT d.id, d.tipo, d.categoria, d.descricao, d.fornecedor,\n               d.quantidade, d.valor_unitario, d.valor_total,\n               d.data_competencia, d.observacoes, d.criado_em,\n               u.nome AS usuario_nome,\n               p.nome AS produto_nome, p.codigo AS produto_codigo\n        FROM despesas d\n        JOIN  usuarios u ON d.usuario_id = u.id\n        LEFT JOIN produtos p ON d.produto_id = p.id\n        WHERE 1=1\n       ORDER BY d.criado_em DESC LIMIT 500"}}
{"timestamp":"2026-06-25T18:40:47.705Z","nivel":"ERRO","mensagem":"[BI] query falhou: Reference 'atual' not supported (reference to group function)","dados":null}
{"timestamp":"2026-06-25T18:40:47.708Z","nivel":"ERRO","mensagem":"[BI] query falhou: Reference 'anterior' not supported (reference to group function)","dados":null}
{"timestamp":"2026-06-25T18:40:47.717Z","nivel":"ERRO","mensagem":"[BI] query falhou: Reference 'atual' not supported (reference to group function)","dados":null}
{"timestamp":"2026-06-25T18:40:47.718Z","nivel":"ERRO","mensagem":"[BI] query falhou: Reference 'anterior' not supported (reference to group function)","dados":null}
{"timestamp":"2026-06-25T18:41:11.489Z","nivel":"ERRO","mensagem":"Erro ao listar despesas","dados":{"code":"ER_NO_SUCH_TABLE","errno":1146,"sqlState":"42S02","sqlMessage":"Table 'focototal.despesas' doesn't exist","sql":"\n        SELECT d.id, d.tipo, d.categoria, d.descricao, d.fornecedor,\n               d.quantidade, d.valor_unitario, d.valor_total,\n               d.data_competencia, d.observacoes, d.criado_em,\n               u.nome AS usuario_nome,\n               p.nome AS produto_nome, p.codigo AS produto_codigo\n        FROM despesas d\n        JOIN  usuarios u ON d.usuario_id = u.id\n        LEFT JOIN produtos p ON d.produto_id = p.id\n        WHERE 1=1\n       ORDER BY d.criado_em DESC LIMIT 500"}}
{"timestamp":"2026-06-25T18:41:11.497Z","nivel":"ERRO","mensagem":"Erro ao listar despesas","dados":{"code":"ER_NO_SUCH_TABLE","errno":1146,"sqlState":"42S02","sqlMessage":"Table 'focototal.despesas' doesn't exist","sql":"\n        SELECT d.id, d.tipo, d.categoria, d.descricao, d.fornecedor,\n               d.quantidade, d.valor_unitario, d.valor_total,\n               d.data_competencia, d.observacoes, d.criado_em,\n               u.nome AS usuario_nome,\n               p.nome AS produto_nome, p.codigo AS produto_codigo\n        FROM despesas d\n        JOIN  usuarios u ON d.usuario_id = u.id\n        LEFT JOIN produtos p ON d.produto_id = p.id\n        WHERE 1=1\n       ORDER BY d.criado_em DESC LIMIT 500"}}
{"timestamp":"2026-06-25T18:42:14.451Z","nivel":"ERRO","mensagem":"Erro ao criar despesa","dados":{"code":"ER_NO_SUCH_TABLE","errno":1146,"sqlState":"42S02","sqlMessage":"Table 'focototal.despesas' doesn't exist","sql":"INSERT INTO despesas\n           (tipo, categoria, descricao, fornecedor, produto_id, quantidade,\n            valor_unitario, valor_total, data_competencia, usuario_id, observacoes)\n         VALUES ('despesa_administrativa', 'Aluguel', 'Aluguel', NULL, NULL, 1, 920, 920, '2026-06-25', 1, NULL)"}}
{"timestamp":"2026-06-25T18:43:56.959Z","nivel":"ERRO","mensagem":"Erro ao listar despesas","dados":{"code":"ER_NO_SUCH_TABLE","errno":1146,"sqlState":"42S02","sqlMessage":"Table 'focototal.despesas' doesn't exist","sql":"\n        SELECT d.id, d.tipo, d.categoria, d.descricao, d.fornecedor,\n               d.quantidade, d.valor_unitario, d.valor_total,\n               d.data_competencia, d.observacoes, d.criado_em,\n               u.nome AS usuario_nome,\n               p.nome AS produto_nome, p.codigo AS produto_codigo\n        FROM despesas d\n        JOIN  usuarios u ON d.usuario_id = u.id\n        LEFT JOIN produtos p ON d.produto_id = p.id\n        WHERE 1=1\n       ORDER BY d.criado_em DESC LIMIT 500"}}
{"timestamp":"2026-06-25T18:43:56.968Z","nivel":"ERRO","mensagem":"Erro ao listar despesas","dados":{"code":"ER_NO_SUCH_TABLE","errno":1146,"sqlState":"42S02","sqlMessage":"Table 'focototal.despesas' doesn't exist","sql":"\n        SELECT d.id, d.tipo, d.categoria, d.descricao, d.fornecedor,\n               d.quantidade, d.valor_unitario, d.valor_total,\n               d.data_competencia, d.observacoes, d.criado_em,\n               u.nome AS usuario_nome,\n               p.nome AS produto_nome, p.codigo AS produto_codigo\n        FROM despesas d\n        JOIN  usuarios u ON d.usuario_id = u.id\n        LEFT JOIN produtos p ON d.produto_id = p.id\n        WHERE 1=1\n       ORDER BY d.criado_em DESC LIMIT 500"}}
{"timestamp":"2026-06-25T18:43:58.429Z","nivel":"ERRO","mensagem":"[BI] query falhou: Reference 'atual' not supported (reference to group function)","dados":null}
{"timestamp":"2026-06-25T18:43:58.431Z","nivel":"ERRO","mensagem":"[BI] query falhou: Reference 'anterior' not supported (reference to group function)","dados":null}
{"timestamp":"2026-06-25T18:43:58.438Z","nivel":"ERRO","mensagem":"[BI] query falhou: Reference 'atual' not supported (reference to group function)","dados":null}
{"timestamp":"2026-06-25T18:43:58.440Z","nivel":"ERRO","mensagem":"[BI] query falhou: Reference 'anterior' not supported (reference to group function)","dados":null}
{"timestamp":"2026-06-25T18:44:25.128Z","nivel":"ERRO","mensagem":"Erro ao listar despesas","dados":{"code":"ER_NO_SUCH_TABLE","errno":1146,"sqlState":"42S02","sqlMessage":"Table 'focototal.despesas' doesn't exist","sql":"\n        SELECT d.id, d.tipo, d.categoria, d.descricao, d.fornecedor,\n               d.quantidade, d.valor_unitario, d.valor_total,\n               d.data_competencia, d.observacoes, d.criado_em,\n               u.nome AS usuario_nome,\n               p.nome AS produto_nome, p.codigo AS produto_codigo\n        FROM despesas d\n        JOIN  usuarios u ON d.usuario_id = u.id\n        LEFT JOIN produtos p ON d.produto_id = p.id\n        WHERE 1=1\n       ORDER BY d.criado_em DESC LIMIT 500"}}
{"timestamp":"2026-06-25T18:44:25.134Z","nivel":"ERRO","mensagem":"Erro ao listar despesas","dados":{"code":"ER_NO_SUCH_TABLE","errno":1146,"sqlState":"42S02","sqlMessage":"Table 'focototal.despesas' doesn't exist","sql":"\n        SELECT d.id, d.tipo, d.categoria, d.descricao, d.fornecedor,\n               d.quantidade, d.valor_unitario, d.valor_total,\n               d.data_competencia, d.observacoes, d.criado_em,\n               u.nome AS usuario_nome,\n               p.nome AS produto_nome, p.codigo AS produto_codigo\n        FROM despesas d\n        JOIN  usuarios u ON d.usuario_id = u.id\n        LEFT JOIN produtos p ON d.produto_id = p.id\n        WHERE 1=1\n       ORDER BY d.criado_em DESC LIMIT 500"}}
{"timestamp":"2026-06-25T18:50:53.373Z","nivel":"INFO","mensagem":"Servidor FocoTotal iniciado na porta 3001","dados":null}
{"timestamp":"2026-06-25T18:50:53.395Z","nivel":"INFO","mensagem":"Banco de dados conectado com sucesso","dados":null}
{"timestamp":"2026-06-25T18:51:00.254Z","nivel":"INFO","mensagem":"Servidor FocoTotal iniciado na porta 3001","dados":null}
{"timestamp":"2026-06-25T18:51:00.278Z","nivel":"INFO","mensagem":"Banco de dados conectado com sucesso","dados":null}
{"timestamp":"2026-06-25T18:51:09.476Z","nivel":"ERRO","mensagem":"[BI] query falhou: Reference 'atual' not supported (reference to group function)","dados":null}
{"timestamp":"2026-06-25T18:51:09.478Z","nivel":"ERRO","mensagem":"[BI] query falhou: Reference 'anterior' not supported (reference to group function)","dados":null}
{"timestamp":"2026-06-25T18:51:09.487Z","nivel":"ERRO","mensagem":"[BI] query falhou: Reference 'atual' not supported (reference to group function)","dados":null}
{"timestamp":"2026-06-25T18:51:09.488Z","nivel":"ERRO","mensagem":"[BI] query falhou: Reference 'anterior' not supported (reference to group function)","dados":null}
{"timestamp":"2026-06-25T19:00:18.417Z","nivel":"ERRO","mensagem":"[BI] query falhou: Reference 'atual' not supported (reference to group function)","dados":null}
{"timestamp":"2026-06-25T19:00:18.418Z","nivel":"ERRO","mensagem":"[BI] query falhou: Reference 'anterior' not supported (reference to group function)","dados":null}
{"timestamp":"2026-06-25T19:00:18.424Z","nivel":"ERRO","mensagem":"[BI] query falhou: Reference 'atual' not supported (reference to group function)","dados":null}
{"timestamp":"2026-06-25T19:00:18.426Z","nivel":"ERRO","mensagem":"[BI] query falhou: Reference 'anterior' not supported (reference to group function)","dados":null}
{"timestamp":"2026-06-25T19:02:32.780Z","nivel":"INFO","mensagem":"Venda criada","dados":{"vendaId":21,"valor_final":85,"itens":1}}
{"timestamp":"2026-06-25T19:02:58.222Z","nivel":"INFO","mensagem":"Movimentação de estoque registrada","dados":{"tipo":"entrada","produto_id":9,"quantidade":10}}
{"timestamp":"2026-06-25T19:04:46.554Z","nivel":"ERRO","mensagem":"[BI] query falhou: Reference 'atual' not supported (reference to group function)","dados":null}
{"timestamp":"2026-06-25T19:04:46.555Z","nivel":"ERRO","mensagem":"[BI] query falhou: Reference 'anterior' not supported (reference to group function)","dados":null}
{"timestamp":"2026-06-25T19:04:46.562Z","nivel":"ERRO","mensagem":"[BI] query falhou: Reference 'atual' not supported (reference to group function)","dados":null}
{"timestamp":"2026-06-25T19:04:46.564Z","nivel":"ERRO","mensagem":"[BI] query falhou: Reference 'anterior' not supported (reference to group function)","dados":null}
{"timestamp":"2026-06-25T19:08:23.532Z","nivel":"ERRO","mensagem":"[BI] query falhou: Reference 'atual' not supported (reference to group function)","dados":null}
{"timestamp":"2026-06-25T19:08:23.533Z","nivel":"ERRO","mensagem":"[BI] query falhou: Reference 'anterior' not supported (reference to group function)","dados":null}
{"timestamp":"2026-06-25T19:08:23.539Z","nivel":"ERRO","mensagem":"[BI] query falhou: Reference 'atual' not supported (reference to group function)","dados":null}
{"timestamp":"2026-06-25T19:08:23.540Z","nivel":"ERRO","mensagem":"[BI] query falhou: Reference 'anterior' not supported (reference to group function)","dados":null}
{"timestamp":"2026-06-25T19:14:29.651Z","nivel":"ERRO","mensagem":"[BI] query falhou: Reference 'anterior' not supported (reference to group function)","dados":null}
{"timestamp":"2026-06-25T19:14:29.652Z","nivel":"ERRO","mensagem":"[BI] query falhou: Reference 'atual' not supported (reference to group function)","dados":null}
{"timestamp":"2026-06-25T19:14:29.659Z","nivel":"ERRO","mensagem":"[BI] query falhou: Reference 'atual' not supported (reference to group function)","dados":null}
{"timestamp":"2026-06-25T19:14:29.660Z","nivel":"ERRO","mensagem":"[BI] query falhou: Reference 'anterior' not supported (reference to group function)","dados":null}
